<?xml version="1.0" encoding="UTF-8"?>
<!-- Generated by org.testng.reporters.JUnitReportReporter -->
<testsuite hostname="DESKTOP-VE8V3VS" failures="0" tests="8" name="com.automation.tests.AutomationScripts" time="112.074" errors="0" timestamp="2023-08-08T10:23:44 CDT" skipped="0">
  <testcase classname="com.automation.tests.AutomationScripts" name="login_to_salesforce_login_success_testscript" time="8.469"/>
  <system-out/>
  <testcase classname="com.automation.tests.AutomationScripts" name="login_to_salesforce_no_password_error_message_check_testscript" time="2.479"/>
  <system-out/>
  <testcase classname="com.automation.tests.AutomationScripts" name="create_new_contact_to_salesforce_testscript" time="11.448"/>
  <system-out/>
  <testcase classname="com.automation.tests.AutomationScripts" name="create_new_view_in_contacts_to_salesforce_testscript" time="10.609"/>
  <system-out/>
  <testcase classname="com.automation.tests.AutomationScripts" name="cancelClickInCreateNewContacts_in_contacts_to_salesforce_testscript" time="11.032"/>
  <system-out/>
  <testcase classname="com.automation.tests.AutomationScripts" name="recentlyCreatedContactCheck_to_salesforce_testscript" time="9.462"/>
  <system-out/>
  <testcase classname="com.automation.tests.AutomationScripts" name="phoneAddInUserProfilePage_to_salesforce_testscript" time="38.207"/>
  <system-out/>
  <testcase classname="com.automation.tests.AutomationScripts" name="myProfilePageOverviewEditLastName_to_salesforce_testscript" time="20.368"/>
  <system-out/>
</testsuite> <!-- com.automation.tests.AutomationScripts -->
