<?xml version="1.0" encoding="UTF-8"?>
<!-- Generated by org.testng.reporters.JUnitReportReporter -->
<testsuite hostname="DESKTOP-VE8V3VS" failures="0" tests="5" name="com.automation.runners.SalesforceRunner" time="92.577" errors="0" timestamp="2023-08-11T13:21:57 CDT" skipped="0">
  <testcase classname="com.automation.runners.SalesforceRunner" name="runScenario" time="9.549"/>
  <system-out/>
  <testcase classname="com.automation.runners.SalesforceRunner" name="runScenario" time="16.531"/>
  <system-out/>
  <testcase classname="com.automation.runners.SalesforceRunner" name="runScenario" time="11.431"/>
  <system-out/>
  <testcase classname="com.automation.runners.SalesforceRunner" name="runScenario" time="44.111"/>
  <system-out/>
  <testcase classname="com.automation.runners.SalesforceRunner" name="runScenario" time="10.955"/>
  <system-out/>
</testsuite> <!-- com.automation.runners.SalesforceRunner -->
